Using pre-set license
Built from '2021.3/release' branch; Version is '2021.3.12f1 (8af3c3e441b1) revision 9106371'; Using compiler version '192829333'; Build Type 'Release'
OS: 'Windows 11  (10.0.22621) 64bit CoreSingleLanguage' Language: 'en' Physical Memory: 16204 MB
BatchMode: 1, IsHumanControllingUs: 0, StartBugReporterOnCrash: 0, Is64bit: 1, IsPro: 1

COMMAND LINE ARGUMENTS:
C:\Program Files\Unity\Hub\Editor\2021.3.12f1\Editor\Unity.exe
-adb2
-batchMode
-noUpm
-name
AssetImportWorker2
-projectPath
D:/Holoarmament/Holoarmamentass
-logFile
Logs/AssetImportWorker2.log
-srvPort
64366
Successfully changed project path to: D:/Holoarmament/Holoarmamentass
D:/Holoarmament/Holoarmamentass
[UnityMemory] Configuration Parameters - Can be set up in boot.config
    "memorysetup-bucket-allocator-granularity=16"
    "memorysetup-bucket-allocator-bucket-count=8"
    "memorysetup-bucket-allocator-block-size=33554432"
    "memorysetup-bucket-allocator-block-count=8"
    "memorysetup-main-allocator-block-size=16777216"
    "memorysetup-thread-allocator-block-size=16777216"
    "memorysetup-gfx-main-allocator-block-size=16777216"
    "memorysetup-gfx-thread-allocator-block-size=16777216"
    "memorysetup-cache-allocator-block-size=4194304"
    "memorysetup-typetree-allocator-block-size=2097152"
    "memorysetup-profiler-bucket-allocator-granularity=16"
    "memorysetup-profiler-bucket-allocator-bucket-count=8"
    "memorysetup-profiler-bucket-allocator-block-size=33554432"
    "memorysetup-profiler-bucket-allocator-block-count=8"
    "memorysetup-profiler-allocator-block-size=16777216"
    "memorysetup-profiler-editor-allocator-block-size=1048576"
    "memorysetup-temp-allocator-size-main=16777216"
    "memorysetup-job-temp-allocator-block-size=2097152"
    "memorysetup-job-temp-allocator-block-size-background=1048576"
    "memorysetup-job-temp-allocator-reduction-small-platforms=262144"
    "memorysetup-temp-allocator-size-background-worker=32768"
    "memorysetup-temp-allocator-size-job-worker=262144"
    "memorysetup-temp-allocator-size-preload-manager=33554432"
    "memorysetup-temp-allocator-size-nav-mesh-worker=65536"
    "memorysetup-temp-allocator-size-audio-worker=65536"
    "memorysetup-temp-allocator-size-cloud-worker=32768"
    "memorysetup-temp-allocator-size-gi-baking-worker=262144"
    "memorysetup-temp-allocator-size-gfx=262144"
Refreshing native plugins compatible for Editor in 83.05 ms, found 3 plugins.
Preloading 0 native plugins for Editor in 0.00 ms.
Initialize engine version: 2021.3.12f1 (8af3c3e441b1)
[Subsystems] Discovering subsystems at path C:/Program Files/Unity/Hub/Editor/2021.3.12f1/Editor/Data/Resources/UnitySubsystems
[Subsystems] Discovering subsystems at path D:/Holoarmament/Holoarmamentass/Assets
GfxDevice: creating device client; threaded=0; jobified=0
Direct3D:
    Version:  Direct3D 11.0 [level 11.1]
    Renderer: NVIDIA GeForce GTX 1660 Ti (ID=0x2191)
    Vendor:   NVIDIA
    VRAM:     5991 MB
    Driver:   30.0.15.1215
Initialize mono
Mono path[0] = 'C:/Program Files/Unity/Hub/Editor/2021.3.12f1/Editor/Data/Managed'
Mono path[1] = 'C:/Program Files/Unity/Hub/Editor/2021.3.12f1/Editor/Data/MonoBleedingEdge/lib/mono/unityjit-win32'
Mono config path = 'C:/Program Files/Unity/Hub/Editor/2021.3.12f1/Editor/Data/MonoBleedingEdge/etc'
Using monoOptions --debugger-agent=transport=dt_socket,embedding=1,server=y,suspend=n,address=127.0.0.1:56528
Begin MonoManager ReloadAssembly
Registering precompiled unity dll's ...
Register platform support module: C:/Program Files/Unity/Hub/Editor/2021.3.12f1/Editor/Data/PlaybackEngines/AndroidPlayer/UnityEditor.Android.Extensions.dll
Register platform support module: C:/Program Files/Unity/Hub/Editor/2021.3.12f1/Editor/Data/PlaybackEngines/iOSSupport/UnityEditor.iOS.Extensions.dll
Register platform support module: C:/Program Files/Unity/Hub/Editor/2021.3.12f1/Editor/Data/PlaybackEngines/WindowsStandaloneSupport/UnityEditor.WindowsStandalone.Extensions.dll
Register platform support module: C:/Program Files/Unity/Hub/Editor/2021.3.12f1/Editor/Data/PlaybackEngines/LinuxStandaloneSupport/UnityEditor.LinuxStandalone.Extensions.dll
Registered in 0.365008 seconds.
Native extension for LinuxStandalone target not found
Native extension for WindowsStandalone target not found
[usbmuxd] Start listen thread
[usbmuxd] Listen thread started
Native extension for iOS target not found
Native extension for Android target not found
Refreshing native plugins compatible for Editor in 81.84 ms, found 3 plugins.
Preloading 0 native plugins for Editor in 0.00 ms.
Mono: successfully reloaded assembly
- Completed reload, in  5.797 seconds
Domain Reload Profiling:
	ReloadAssembly (5798ms)
		BeginReloadAssembly (3570ms)
			ExecutionOrderSort (0ms)
			DisableScriptedObjects (0ms)
			BackupInstance (0ms)
			ReleaseScriptingObjects (0ms)
			CreateAndSetChildDomain (1ms)
		EndReloadAssembly (1508ms)
			LoadAssemblies (3579ms)
			RebuildTransferFunctionScriptingTraits (0ms)
			SetupTypeCache (1005ms)
			ReleaseScriptCaches (0ms)
			RebuildScriptCaches (27ms)
			SetupLoadedEditorAssemblies (404ms)
				LogAssemblyErrors (0ms)
				InitializePlatformSupportModulesInManaged (175ms)
				SetLoadedEditorAssemblies (0ms)
				RefreshPlugins (82ms)
				BeforeProcessingInitializeOnLoad (1ms)
				ProcessInitializeOnLoadAttributes (92ms)
				ProcessInitializeOnLoadMethodAttributes (53ms)
				AfterProcessingInitializeOnLoad (0ms)
				EditorAssembliesLoaded (0ms)
			ExecutionOrderSort2 (0ms)
			AwakeInstancesAfterBackupRestoration (0ms)
Platform modules already initialized, skipping
Registering precompiled user dll's ...
Registered in 0.003037 seconds.
Android Extension - Scanning For ADB Devices 4362 ms
Begin MonoManager ReloadAssembly
Symbol file LoadedFromMemory doesn't match image D:\Holoarmament\Holoarmamentass\Library\PackageCache\com.unity.visualscripting@1.7.8\Editor\VisualScripting.Core\Dependencies\YamlDotNet\Unity.VisualScripting.YamlDotNet.dll
Symbol file LoadedFromMemory doesn't match image D:\Holoarmament\Holoarmamentass\Library\PackageCache\com.unity.visualscripting@1.7.8\Editor\VisualScripting.Core\Dependencies\DotNetZip\Unity.VisualScripting.IonicZip.dll
Native extension for LinuxStandalone target not found
Native extension for WindowsStandalone target not found
Native extension for iOS target not found
Native extension for Android target not found
Refreshing native plugins compatible for Editor in 0.74 ms, found 3 plugins.
Preloading 0 native plugins for Editor in 0.00 ms.
Mono: successfully reloaded assembly
- Completed reload, in  5.486 seconds
Domain Reload Profiling:
	ReloadAssembly (5486ms)
		BeginReloadAssembly (125ms)
			ExecutionOrderSort (0ms)
			DisableScriptedObjects (6ms)
			BackupInstance (0ms)
			ReleaseScriptingObjects (0ms)
			CreateAndSetChildDomain (21ms)
		EndReloadAssembly (5216ms)
			LoadAssemblies (2875ms)
			RebuildTransferFunctionScriptingTraits (0ms)
			SetupTypeCache (854ms)
			ReleaseScriptCaches (1ms)
			RebuildScriptCaches (55ms)
			SetupLoadedEditorAssemblies (1400ms)
				LogAssemblyErrors (0ms)
				InitializePlatformSupportModulesInManaged (28ms)
				SetLoadedEditorAssemblies (0ms)
				RefreshPlugins (1ms)
				BeforeProcessingInitializeOnLoad (86ms)
				ProcessInitializeOnLoadAttributes (307ms)
				ProcessInitializeOnLoadMethodAttributes (972ms)
				AfterProcessingInitializeOnLoad (6ms)
				EditorAssembliesLoaded (0ms)
			ExecutionOrderSort2 (0ms)
			AwakeInstancesAfterBackupRestoration (6ms)
Platform modules already initialized, skipping
========================================================================
Worker process is ready to serve import requests
Launched and connected shader compiler UnityShaderCompiler.exe after 0.08 seconds
Refreshing native plugins compatible for Editor in 0.76 ms, found 3 plugins.
Preloading 0 native plugins for Editor in 0.00 ms.
Unloading 3383 Unused Serialized files (Serialized files now loaded: 0)
Unloading 27 unused Assets / (113.9 KB). Loaded Objects now: 3845.
Memory consumption went from 119.0 MB to 118.9 MB.
Total: 3.499500 ms (FindLiveObjects: 0.334400 ms CreateObjectMapping: 0.264400 ms MarkObjects: 2.793300 ms  DeleteObjects: 0.106500 ms)

AssetImportParameters requested are different than current active one (requested -> active):
  custom:video-decoder-ogg-theora: a1e56fd34408186e4bbccfd4996cb3dc -> 
  custom:container-muxer-webm: aa71ff27fc2769a1b78a27578f13a17b -> 
  custom:container-demuxer-webm: 4f35f7cbe854078d1ac9338744f61a02 -> 
  custom:video-encoder-webm-vp8: eb34c28f22e8b96e1ab97ce403110664 -> 
  custom:video-codec-MediaFoundation-h265: 746d11721c4dcdbdad8f713fa42b33f4 -> 
  custom:audio-encoder-webm-vorbis: bf7c407c2cedff20999df2af8eb42d56 -> 
  custom:framework-win-MediaFoundation: 216162199b28c13a410421893ffa2e32 -> 
  custom:container-demuxer-ogg: 62fdf1f143b41e24485cea50d1cbac27 -> 
  custom:video-decoder-webm-vp8: 9c59270c3fd7afecdb556c50c9e8de78 -> 
  custom:audio-decoder-ogg-vorbis: bf7c407c2cedff20999df2af8eb42d56 -> 
========================================================================
Received Import Request.
  Time since last request: 251716.384683 seconds.
  path: Assets/Assets_FenceChained/prefabs/chainlink_barbwire-3.prefab
  artifactKey: Guid(a52d55d99a7b23e42b2d401f956a3e52) Importer(815301076,1909f56bfc062723c751e8b465ee728b)
Start importing Assets/Assets_FenceChained/prefabs/chainlink_barbwire-3.prefab using Guid(a52d55d99a7b23e42b2d401f956a3e52) Importer(815301076,1909f56bfc062723c751e8b465ee728b)  -> (artifact id: 'a1ecceca0e22ad8307d1d7fbe047d5ca') in 0.393982 seconds 
========================================================================
Received Import Request.
  Time since last request: 0.000016 seconds.
  path: Assets/Assets_FenceChained/prefabs/chainlink_group-2.prefab
  artifactKey: Guid(df9c3c7aaeeef154bb7184ad6f179ece) Importer(815301076,1909f56bfc062723c751e8b465ee728b)
Start importing Assets/Assets_FenceChained/prefabs/chainlink_group-2.prefab using Guid(df9c3c7aaeeef154bb7184ad6f179ece) Importer(815301076,1909f56bfc062723c751e8b465ee728b)  -> (artifact id: '7efade967ac42a99727cf75561151461') in 0.024938 seconds 
========================================================================
Received Import Request.
  Time since last request: 0.000032 seconds.
  path: Assets/Assets_FenceChained/prefabs/chainlink_barbwire-1.prefab
  artifactKey: Guid(7bf1a4b26f0d5e7419b64deced1cecd3) Importer(815301076,1909f56bfc062723c751e8b465ee728b)
Start importing Assets/Assets_FenceChained/prefabs/chainlink_barbwire-1.prefab using Guid(7bf1a4b26f0d5e7419b64deced1cecd3) Importer(815301076,1909f56bfc062723c751e8b465ee728b)  -> (artifact id: '0e700db59b312ac66b6edd192d3d1e49') in 0.017372 seconds 
========================================================================
Received Import Request.
  Time since last request: 1385.722193 seconds.
  path: Assets/RSG
  artifactKey: Guid(bae447729ae4c0b479fec87ac6ab7a5f) Importer(815301076,1909f56bfc062723c751e8b465ee728b)
Start importing Assets/RSG using Guid(bae447729ae4c0b479fec87ac6ab7a5f) Importer(815301076,1909f56bfc062723c751e8b465ee728b)  -> (artifact id: '4e9af21942127d092ae2581e76964fef') in 0.007727 seconds 
========================================================================
Received Import Request.
  Time since last request: 2.065841 seconds.
  path: Assets/RSG/Base
  artifactKey: Guid(728c1ebfcd9cebe4ca1fea68ade43d09) Importer(815301076,1909f56bfc062723c751e8b465ee728b)
Start importing Assets/RSG/Base using Guid(728c1ebfcd9cebe4ca1fea68ade43d09) Importer(815301076,1909f56bfc062723c751e8b465ee728b)  -> (artifact id: '6296a9762280efecddb782151ea7f248') in 0.006638 seconds 
========================================================================
Received Import Request.
  Time since last request: 0.684025 seconds.
  path: Assets/RSG/Base/Models
  artifactKey: Guid(9e4a4cf1a825ac1469cb0f134f403706) Importer(815301076,1909f56bfc062723c751e8b465ee728b)
Start importing Assets/RSG/Base/Models using Guid(9e4a4cf1a825ac1469cb0f134f403706) Importer(815301076,1909f56bfc062723c751e8b465ee728b)  -> (artifact id: '85819c291faaf34a7796e31a51b1a904') in 0.007475 seconds 
========================================================================
Received Import Request.
  Time since last request: 0.090859 seconds.
  path: Assets/RSG/Base/Models/SM_rsg_military_antitank_hedgehog_01.FBX
  artifactKey: Guid(091d22d9bb082e242b4fcb0d8d6b39da) Importer(815301076,1909f56bfc062723c751e8b465ee728b)
Start importing Assets/RSG/Base/Models/SM_rsg_military_antitank_hedgehog_01.FBX using Guid(091d22d9bb082e242b4fcb0d8d6b39da) Importer(815301076,1909f56bfc062723c751e8b465ee728b)  -> (artifact id: '39f6c453a4da39f99fac02cb5a28f7db') in 0.031782 seconds 
========================================================================
Received Import Request.
  Time since last request: 0.000019 seconds.
  path: Assets/RSG/Base/Models/SM_rsg_military_concret_block_01.FBX
  artifactKey: Guid(9698de6e0dda00e489db0d4b1abb5b47) Importer(815301076,1909f56bfc062723c751e8b465ee728b)
Start importing Assets/RSG/Base/Models/SM_rsg_military_concret_block_01.FBX using Guid(9698de6e0dda00e489db0d4b1abb5b47) Importer(815301076,1909f56bfc062723c751e8b465ee728b)  -> (artifact id: '4c485431b8430d58adb8472983f64626') in 0.011769 seconds 
========================================================================
Received Import Request.
  Time since last request: 15.045414 seconds.
  path: Assets/RSG/Base/Textures
  artifactKey: Guid(8e9ef5ce710935d4baa9fad90f4076dd) Importer(815301076,1909f56bfc062723c751e8b465ee728b)
Start importing Assets/RSG/Base/Textures using Guid(8e9ef5ce710935d4baa9fad90f4076dd) Importer(815301076,1909f56bfc062723c751e8b465ee728b)  -> (artifact id: '7b6d9112b3069c6a1697ccc58e15cc2a') in 0.011688 seconds 
========================================================================
Received Import Request.
  Time since last request: 0.052056 seconds.
  path: Assets/RSG/Base/Textures/T_rsg_military_antitank_hedgehog_01_AOR.tga
  artifactKey: Guid(dedd83e564881fe4c89b0574de8ef876) Importer(815301076,1909f56bfc062723c751e8b465ee728b)
Start importing Assets/RSG/Base/Textures/T_rsg_military_antitank_hedgehog_01_AOR.tga using Guid(dedd83e564881fe4c89b0574de8ef876) Importer(815301076,1909f56bfc062723c751e8b465ee728b)  -> (artifact id: '9060d4ebe55aaf0071292835e281463c') in 0.029346 seconds 
========================================================================
Received Import Request.
  Time since last request: 0.000025 seconds.
  path: Assets/RSG/Base/Textures/T_rsg_military_portable_radar_01_E.tga
  artifactKey: Guid(45f40ada055c25b4096636b5f42ef3f6) Importer(815301076,1909f56bfc062723c751e8b465ee728b)
Start importing Assets/RSG/Base/Textures/T_rsg_military_portable_radar_01_E.tga using Guid(45f40ada055c25b4096636b5f42ef3f6) Importer(815301076,1909f56bfc062723c751e8b465ee728b)  -> (artifact id: 'a955edee3362125756032feb9d11fdf4') in 0.012069 seconds 
========================================================================
Received Import Request.
  Time since last request: 0.000030 seconds.
  path: Assets/RSG/Base/Textures/T_rsg_military_sandbox_01_BC.tga
  artifactKey: Guid(0ea2893488b225f458de18ef3c89f60b) Importer(815301076,1909f56bfc062723c751e8b465ee728b)
Start importing Assets/RSG/Base/Textures/T_rsg_military_sandbox_01_BC.tga using Guid(0ea2893488b225f458de18ef3c89f60b) Importer(815301076,1909f56bfc062723c751e8b465ee728b)  -> (artifact id: '6406bb5d353ab5385b7c98deda5cda31') in 0.013019 seconds 
========================================================================
Received Import Request.
  Time since last request: 0.000023 seconds.
  path: Assets/RSG/Base/Textures/T_rsg_military_concret_block_01_AOR.tga
  artifactKey: Guid(3413993ec62fa2540a94119f9ce952eb) Importer(815301076,1909f56bfc062723c751e8b465ee728b)
Start importing Assets/RSG/Base/Textures/T_rsg_military_concret_block_01_AOR.tga using Guid(3413993ec62fa2540a94119f9ce952eb) Importer(815301076,1909f56bfc062723c751e8b465ee728b)  -> (artifact id: '7f15e8a9de41484abff737076dea67e4') in 0.011856 seconds 
========================================================================
Received Import Request.
  Time since last request: 0.000031 seconds.
  path: Assets/RSG/Base/Textures/T_rsg_military_sandbox_01_AOR.tga
  artifactKey: Guid(9999e19c7a0bcf14fa1b679addfaea62) Importer(815301076,1909f56bfc062723c751e8b465ee728b)
Start importing Assets/RSG/Base/Textures/T_rsg_military_sandbox_01_AOR.tga using Guid(9999e19c7a0bcf14fa1b679addfaea62) Importer(815301076,1909f56bfc062723c751e8b465ee728b)  -> (artifact id: 'dcbdd2f9cfaa56f49671756bf55cb0f5') in 0.020303 seconds 
Editor requested this worker to shutdown with reason: Scaling down because of idle timeout
AssetImportWorker is now disconnected from the server
Process exiting
Exiting without the bug reporter. Application will terminate with return code 0