Using pre-set license
Built from '2021.3/release' branch; Version is '2021.3.12f1 (8af3c3e441b1) revision 9106371'; Using compiler version '192829333'; Build Type 'Release'
OS: 'Windows 11  (10.0.22621) 64bit CoreSingleLanguage' Language: 'en' Physical Memory: 7501 MB
BatchMode: 1, IsHumanControllingUs: 0, StartBugReporterOnCrash: 0, Is64bit: 1, IsPro: 1

COMMAND LINE ARGUMENTS:
C:\Program Files\Unity\Hub\Editor\2021.3.12f1\Editor\Unity.exe
-adb2
-batchMode
-noUpm
-name
AssetImportWorker0
-projectPath
C:/Users/HEMA SUDHA/holoarmament/Holoarmamentass
-logFile
Logs/AssetImportWorker0.log
-srvPort
57853
Successfully changed project path to: C:/Users/HEMA SUDHA/holoarmament/Holoarmamentass
C:/Users/HEMA SUDHA/holoarmament/Holoarmamentass
[UnityMemory] Configuration Parameters - Can be set up in boot.config
    "memorysetup-bucket-allocator-granularity=16"
    "memorysetup-bucket-allocator-bucket-count=8"
    "memorysetup-bucket-allocator-block-size=33554432"
    "memorysetup-bucket-allocator-block-count=8"
    "memorysetup-main-allocator-block-size=16777216"
    "memorysetup-thread-allocator-block-size=16777216"
    "memorysetup-gfx-main-allocator-block-size=16777216"
    "memorysetup-gfx-thread-allocator-block-size=16777216"
    "memorysetup-cache-allocator-block-size=4194304"
    "memorysetup-typetree-allocator-block-size=2097152"
    "memorysetup-profiler-bucket-allocator-granularity=16"
    "memorysetup-profiler-bucket-allocator-bucket-count=8"
    "memorysetup-profiler-bucket-allocator-block-size=33554432"
    "memorysetup-profiler-bucket-allocator-block-count=8"
    "memorysetup-profiler-allocator-block-size=16777216"
    "memorysetup-profiler-editor-allocator-block-size=1048576"
    "memorysetup-temp-allocator-size-main=16777216"
    "memorysetup-job-temp-allocator-block-size=2097152"
    "memorysetup-job-temp-allocator-block-size-background=1048576"
    "memorysetup-job-temp-allocator-reduction-small-platforms=262144"
    "memorysetup-temp-allocator-size-background-worker=32768"
    "memorysetup-temp-allocator-size-job-worker=262144"
    "memorysetup-temp-allocator-size-preload-manager=33554432"
    "memorysetup-temp-allocator-size-nav-mesh-worker=65536"
    "memorysetup-temp-allocator-size-audio-worker=65536"
    "memorysetup-temp-allocator-size-cloud-worker=32768"
    "memorysetup-temp-allocator-size-gi-baking-worker=262144"
    "memorysetup-temp-allocator-size-gfx=262144"
Refreshing native plugins compatible for Editor in 107.24 ms, found 3 plugins.
Preloading 0 native plugins for Editor in 0.00 ms.
Initialize engine version: 2021.3.12f1 (8af3c3e441b1)
[Subsystems] Discovering subsystems at path C:/Program Files/Unity/Hub/Editor/2021.3.12f1/Editor/Data/Resources/UnitySubsystems
[Subsystems] Discovering subsystems at path C:/Users/HEMA SUDHA/holoarmament/Holoarmamentass/Assets
GfxDevice: creating device client; threaded=0; jobified=0
Direct3D:
    Version:  Direct3D 11.0 [level 11.1]
    Renderer: AMD Radeon(TM) Graphics (ID=0x164c)
    Vendor:   ATI
    VRAM:     3750 MB
    Driver:   31.0.12044.3
Initialize mono
Mono path[0] = 'C:/Program Files/Unity/Hub/Editor/2021.3.12f1/Editor/Data/Managed'
Mono path[1] = 'C:/Program Files/Unity/Hub/Editor/2021.3.12f1/Editor/Data/MonoBleedingEdge/lib/mono/unityjit-win32'
Mono config path = 'C:/Program Files/Unity/Hub/Editor/2021.3.12f1/Editor/Data/MonoBleedingEdge/etc'
Using monoOptions --debugger-agent=transport=dt_socket,embedding=1,server=y,suspend=n,address=127.0.0.1:56644
Begin MonoManager ReloadAssembly
Registering precompiled unity dll's ...
Register platform support module: C:/Program Files/Unity/Hub/Editor/2021.3.12f1/Editor/Data/PlaybackEngines/WebGLSupport/UnityEditor.WebGL.Extensions.dll
Register platform support module: C:/Program Files/Unity/Hub/Editor/2021.3.12f1/Editor/Data/PlaybackEngines/AndroidPlayer/UnityEditor.Android.Extensions.dll
Register platform support module: C:/Program Files/Unity/Hub/Editor/2021.3.12f1/Editor/Data/PlaybackEngines/WindowsStandaloneSupport/UnityEditor.WindowsStandalone.Extensions.dll
Registered in 0.011315 seconds.
Native extension for WindowsStandalone target not found
Native extension for Android target not found
Native extension for WebGL target not found
Refreshing native plugins compatible for Editor in 101.53 ms, found 3 plugins.
Preloading 0 native plugins for Editor in 0.00 ms.
Mono: successfully reloaded assembly
- Completed reload, in  0.848 seconds
Domain Reload Profiling:
	ReloadAssembly (849ms)
		BeginReloadAssembly (97ms)
			ExecutionOrderSort (0ms)
			DisableScriptedObjects (0ms)
			BackupInstance (0ms)
			ReleaseScriptingObjects (0ms)
			CreateAndSetChildDomain (1ms)
		EndReloadAssembly (605ms)
			LoadAssemblies (95ms)
			RebuildTransferFunctionScriptingTraits (0ms)
			SetupTypeCache (145ms)
			ReleaseScriptCaches (0ms)
			RebuildScriptCaches (40ms)
			SetupLoadedEditorAssemblies (357ms)
				LogAssemblyErrors (0ms)
				InitializePlatformSupportModulesInManaged (84ms)
				SetLoadedEditorAssemblies (0ms)
				RefreshPlugins (102ms)
				BeforeProcessingInitializeOnLoad (1ms)
				ProcessInitializeOnLoadAttributes (117ms)
				ProcessInitializeOnLoadMethodAttributes (52ms)
				AfterProcessingInitializeOnLoad (0ms)
				EditorAssembliesLoaded (0ms)
			ExecutionOrderSort2 (0ms)
			AwakeInstancesAfterBackupRestoration (0ms)
Platform modules already initialized, skipping
Registering precompiled user dll's ...
Registered in 0.007284 seconds.
Begin MonoManager ReloadAssembly
Symbol file LoadedFromMemory doesn't match image C:\Users\HEMA SUDHA\holoarmament\Holoarmamentass\Library\PackageCache\com.unity.visualscripting@1.7.8\Editor\VisualScripting.Core\Dependencies\YamlDotNet\Unity.VisualScripting.YamlDotNet.dll
Symbol file LoadedFromMemory doesn't match image C:\Users\HEMA SUDHA\holoarmament\Holoarmamentass\Library\PackageCache\com.unity.visualscripting@1.7.8\Editor\VisualScripting.Core\Dependencies\DotNetZip\Unity.VisualScripting.IonicZip.dll
Native extension for WindowsStandalone target not found
Native extension for Android target not found
Native extension for WebGL target not found
Refreshing native plugins compatible for Editor in 0.85 ms, found 3 plugins.
Preloading 0 native plugins for Editor in 0.00 ms.
Mono: successfully reloaded assembly
- Completed reload, in  1.584 seconds
Domain Reload Profiling:
	ReloadAssembly (1585ms)
		BeginReloadAssembly (266ms)
			ExecutionOrderSort (0ms)
			DisableScriptedObjects (7ms)
			BackupInstance (0ms)
			ReleaseScriptingObjects (0ms)
			CreateAndSetChildDomain (133ms)
		EndReloadAssembly (1161ms)
			LoadAssemblies (138ms)
			RebuildTransferFunctionScriptingTraits (0ms)
			SetupTypeCache (382ms)
			ReleaseScriptCaches (1ms)
			RebuildScriptCaches (76ms)
			SetupLoadedEditorAssemblies (525ms)
				LogAssemblyErrors (0ms)
				InitializePlatformSupportModulesInManaged (19ms)
				SetLoadedEditorAssemblies (1ms)
				RefreshPlugins (1ms)
				BeforeProcessingInitializeOnLoad (115ms)
				ProcessInitializeOnLoadAttributes (333ms)
				ProcessInitializeOnLoadMethodAttributes (41ms)
				AfterProcessingInitializeOnLoad (15ms)
				EditorAssembliesLoaded (0ms)
			ExecutionOrderSort2 (0ms)
			AwakeInstancesAfterBackupRestoration (8ms)
Platform modules already initialized, skipping
========================================================================
Worker process is ready to serve import requests
Launched and connected shader compiler UnityShaderCompiler.exe after 0.10 seconds
Refreshing native plugins compatible for Editor in 1.82 ms, found 3 plugins.
Preloading 0 native plugins for Editor in 0.00 ms.
Unloading 3383 Unused Serialized files (Serialized files now loaded: 0)
Unloading 27 unused Assets / (113.6 KB). Loaded Objects now: 3863.
Memory consumption went from 131.5 MB to 131.3 MB.
Total: 5.849000 ms (FindLiveObjects: 0.653600 ms CreateObjectMapping: 0.339200 ms MarkObjects: 4.475600 ms  DeleteObjects: 0.378000 ms)

AssetImportParameters requested are different than current active one (requested -> active):
  custom:video-decoder-ogg-theora: a1e56fd34408186e4bbccfd4996cb3dc -> 
  custom:container-muxer-webm: aa71ff27fc2769a1b78a27578f13a17b -> 
  custom:container-demuxer-webm: 4f35f7cbe854078d1ac9338744f61a02 -> 
  custom:video-encoder-webm-vp8: eb34c28f22e8b96e1ab97ce403110664 -> 
  custom:video-codec-MediaFoundation-h265: 746d11721c4dcdbdad8f713fa42b33f4 -> 
  custom:audio-encoder-webm-vorbis: bf7c407c2cedff20999df2af8eb42d56 -> 
  custom:framework-win-MediaFoundation: 216162199b28c13a410421893ffa2e32 -> 
  custom:container-demuxer-ogg: 62fdf1f143b41e24485cea50d1cbac27 -> 
  custom:video-decoder-webm-vp8: 9c59270c3fd7afecdb556c50c9e8de78 -> 
  custom:audio-decoder-ogg-vorbis: bf7c407c2cedff20999df2af8eb42d56 -> 
========================================================================
Received Import Request.
  Time since last request: 366544.139363 seconds.
  path: Assets/FlamingSands/sandbags
  artifactKey: Guid(df2a44c05865b264dbdd2d65ad2372cf) Importer(815301076,1909f56bfc062723c751e8b465ee728b)
Start importing Assets/FlamingSands/sandbags using Guid(df2a44c05865b264dbdd2d65ad2372cf) Importer(815301076,1909f56bfc062723c751e8b465ee728b)  -> (artifact id: '45aa09820dc5df741b0204515d99d89f') in 0.022508 seconds 
========================================================================
Received Import Request.
  Time since last request: 0.045102 seconds.
  path: Assets/FlamingSands/sandbags/sandbag_01_AlbedoTransparency.tga
  artifactKey: Guid(53a1dce5737f7c14694f4c54192bbb69) Importer(815301076,1909f56bfc062723c751e8b465ee728b)
Start importing Assets/FlamingSands/sandbags/sandbag_01_AlbedoTransparency.tga using Guid(53a1dce5737f7c14694f4c54192bbb69) Importer(815301076,1909f56bfc062723c751e8b465ee728b)  -> (artifact id: 'a876d6bb367669b44d101918ab0138cd') in 0.181086 seconds 
========================================================================
Received Import Request.
  Time since last request: 0.000038 seconds.
  path: Assets/FlamingSands/sandbags/sandbag_01_MetallicSmoothness.tga
  artifactKey: Guid(833ed45920b48ad40b9ef48d47fb8f49) Importer(815301076,1909f56bfc062723c751e8b465ee728b)
Start importing Assets/FlamingSands/sandbags/sandbag_01_MetallicSmoothness.tga using Guid(833ed45920b48ad40b9ef48d47fb8f49) Importer(815301076,1909f56bfc062723c751e8b465ee728b)  -> (artifact id: '6baaceffed2f227814252db0ae0ad3cf') in 0.045431 seconds 
========================================================================
Received Import Request.
  Time since last request: 0.000038 seconds.
  path: Assets/FlamingSands/sandbags/sandbags.fbx
  artifactKey: Guid(a0d52f150fe6b644897d848c9fd4876c) Importer(815301076,1909f56bfc062723c751e8b465ee728b)
Start importing Assets/FlamingSands/sandbags/sandbags.fbx using Guid(a0d52f150fe6b644897d848c9fd4876c) Importer(815301076,1909f56bfc062723c751e8b465ee728b)  -> (artifact id: 'f5a91d54e765a6baf05d41248c445a37') in 0.188150 seconds 
========================================================================
Received Import Request.
  Time since last request: 4.411610 seconds.
  path: Assets/FlamingSands/sandbags/Materials
  artifactKey: Guid(f90b01db1bb62304e8d9bb3652659b13) Importer(815301076,1909f56bfc062723c751e8b465ee728b)
Start importing Assets/FlamingSands/sandbags/Materials using Guid(f90b01db1bb62304e8d9bb3652659b13) Importer(815301076,1909f56bfc062723c751e8b465ee728b)  -> (artifact id: 'b7c3e6b558ff75b92a5714093b86a527') in 0.013545 seconds 
========================================================================
Received Import Request.
  Time since last request: 0.068933 seconds.
  path: Assets/FlamingSands/sandbags/Materials/sandbag_01.mat
  artifactKey: Guid(f2eb22fe598d7984585f5814499575b6) Importer(815301076,1909f56bfc062723c751e8b465ee728b)
Start importing Assets/FlamingSands/sandbags/Materials/sandbag_01.mat using Guid(f2eb22fe598d7984585f5814499575b6) Importer(815301076,1909f56bfc062723c751e8b465ee728b)  -> (artifact id: 'afe1c1ca242f05338e7dda3bfbc17353') in 0.069605 seconds 
========================================================================
Received Import Request.
  Time since last request: 688.022818 seconds.
  path: Assets/Towers_PBR
  artifactKey: Guid(7241f56270b99b44580413c9cd75029b) Importer(815301076,1909f56bfc062723c751e8b465ee728b)
Start importing Assets/Towers_PBR using Guid(7241f56270b99b44580413c9cd75029b) Importer(815301076,1909f56bfc062723c751e8b465ee728b)  -> (artifact id: 'a139259a12def53ae729e6a8e0f58d79') in 0.017030 seconds 
========================================================================
Received Import Request.
  Time since last request: 20.196729 seconds.
  path: Assets/Low Poly Guns
  artifactKey: Guid(a93043de5c59b544fa808d9ec2f93035) Importer(815301076,1909f56bfc062723c751e8b465ee728b)
Start importing Assets/Low Poly Guns using Guid(a93043de5c59b544fa808d9ec2f93035) Importer(815301076,1909f56bfc062723c751e8b465ee728b)  -> (artifact id: 'db8a3e37a369c9fc91c10cb15c2fdbdc') in 0.020453 seconds 
========================================================================
Received Import Request.
  Time since last request: 1.691905 seconds.
  path: Assets/Low Poly Guns/Models
  artifactKey: Guid(bcb561bb3fcd38947adadb609bc8340b) Importer(815301076,1909f56bfc062723c751e8b465ee728b)
Start importing Assets/Low Poly Guns/Models using Guid(bcb561bb3fcd38947adadb609bc8340b) Importer(815301076,1909f56bfc062723c751e8b465ee728b)  -> (artifact id: 'c6195686acb0ac2cdfbaa672a1f8ac8a') in 0.018526 seconds 
========================================================================
Received Import Request.
  Time since last request: 0.959479 seconds.
  path: Assets/Low Poly Guns/Models/Guns
  artifactKey: Guid(622949251c23ee64ba0b4df86da88911) Importer(815301076,1909f56bfc062723c751e8b465ee728b)
Start importing Assets/Low Poly Guns/Models/Guns using Guid(622949251c23ee64ba0b4df86da88911) Importer(815301076,1909f56bfc062723c751e8b465ee728b)  -> (artifact id: '00445837d90eee1f8b233bf23b20a3af') in 0.012370 seconds 
========================================================================
Received Import Request.
  Time since last request: 7.597306 seconds.
  path: Assets/Fantasy Skybox FREE
  artifactKey: Guid(5d80f48b57ddd354f9ae913633632681) Importer(815301076,1909f56bfc062723c751e8b465ee728b)
Start importing Assets/Fantasy Skybox FREE using Guid(5d80f48b57ddd354f9ae913633632681) Importer(815301076,1909f56bfc062723c751e8b465ee728b)  -> (artifact id: 'd9c1a40d9278656d553ff85558105c74') in 0.016270 seconds 
========================================================================
Received Import Request.
  Time since last request: 289.988420 seconds.
  path: Assets/Military target/mark.fbx
  artifactKey: Guid(69ac849705380e545b944862e45591c7) Importer(815301076,1909f56bfc062723c751e8b465ee728b)
Start importing Assets/Military target/mark.fbx using Guid(69ac849705380e545b944862e45591c7) Importer(815301076,1909f56bfc062723c751e8b465ee728b)  -> (artifact id: '3b8f8645d8b918f16f2e1f4ca2b578a9') in 0.043692 seconds 
========================================================================
Received Import Request.
  Time since last request: 4.073887 seconds.
  path: Assets/Military target/Prefabs
  artifactKey: Guid(bd42d4315f39c9a47afbfd1142ec84dc) Importer(815301076,1909f56bfc062723c751e8b465ee728b)
Start importing Assets/Military target/Prefabs using Guid(bd42d4315f39c9a47afbfd1142ec84dc) Importer(815301076,1909f56bfc062723c751e8b465ee728b)  -> (artifact id: '729a4fe4788745b05c6f4b0c7f2c43b7') in 0.017540 seconds 
========================================================================
Received Import Request.
  Time since last request: 0.068161 seconds.
  path: Assets/Military target/Prefabs/Military target.prefab
  artifactKey: Guid(9437be881ad682348bd31aa228922027) Importer(815301076,1909f56bfc062723c751e8b465ee728b)
Start importing Assets/Military target/Prefabs/Military target.prefab using Guid(9437be881ad682348bd31aa228922027) Importer(815301076,1909f56bfc062723c751e8b465ee728b)  -> (artifact id: 'e8e4003ffadd058ede09701b54669949') in 0.043048 seconds 
========================================================================
Received Import Request.
  Time since last request: 1332.222991 seconds.
  path: Assets/prefabs
  artifactKey: Guid(2588748d231d62b47b34141d495f428a) Importer(815301076,1909f56bfc062723c751e8b465ee728b)
Start importing Assets/prefabs using Guid(2588748d231d62b47b34141d495f428a) Importer(815301076,1909f56bfc062723c751e8b465ee728b)  -> (artifact id: '22e2e1733f2b30bcdf8847ef7c30c5ab') in 0.011551 seconds 
========================================================================
Received Import Request.
  Time since last request: 5.191605 seconds.
  path: Assets/prefabs/border.prefab
  artifactKey: Guid(cfe7ca5cb6fa6ff40a7b586e6660fd74) Importer(815301076,1909f56bfc062723c751e8b465ee728b)
Start importing Assets/prefabs/border.prefab using Guid(cfe7ca5cb6fa6ff40a7b586e6660fd74) Importer(815301076,1909f56bfc062723c751e8b465ee728b)  -> (artifact id: 'c4628307af9577cb77c05dd52c0e873f') in 0.047483 seconds 
========================================================================
Received Import Request.
  Time since last request: 131.114537 seconds.
  path: Assets/Low Poly Guns/Materials
  artifactKey: Guid(0111d8d74912ed140991cd6134b8300d) Importer(815301076,1909f56bfc062723c751e8b465ee728b)
Start importing Assets/Low Poly Guns/Materials using Guid(0111d8d74912ed140991cd6134b8300d) Importer(815301076,1909f56bfc062723c751e8b465ee728b)  -> (artifact id: '76fafcb01561e8e3fb8d153e020f8b16') in 0.013174 seconds 
========================================================================
Received Import Request.
  Time since last request: 0.026378 seconds.
  path: Assets/Low Poly Guns/Materials/Plane.mat
  artifactKey: Guid(e96fa539506a82f4097ae5999f559460) Importer(815301076,1909f56bfc062723c751e8b465ee728b)
Start importing Assets/Low Poly Guns/Materials/Plane.mat using Guid(e96fa539506a82f4097ae5999f559460) Importer(815301076,1909f56bfc062723c751e8b465ee728b)  -> (artifact id: 'ecd99898ca1e1285145836e3fa2d2dc3') in 0.027590 seconds 
========================================================================
Received Import Request.
  Time since last request: 130.335351 seconds.
  path: Assets/FlamingSands
  artifactKey: Guid(6aad54cdf04da7e43870323f715df5c9) Importer(815301076,1909f56bfc062723c751e8b465ee728b)
Start importing Assets/FlamingSands using Guid(6aad54cdf04da7e43870323f715df5c9) Importer(815301076,1909f56bfc062723c751e8b465ee728b)  -> (artifact id: '6bc948174fe1bdd3d0899978d4909084') in 0.017480 seconds 
========================================================================
Received Import Request.
  Time since last request: 207.367061 seconds.
  path: Assets/materials/New Terrain.asset
  artifactKey: Guid(546002a4c39b73747a059f4e404f4a0b) Importer(815301076,1909f56bfc062723c751e8b465ee728b)
Start importing Assets/materials/New Terrain.asset using Guid(546002a4c39b73747a059f4e404f4a0b) Importer(815301076,1909f56bfc062723c751e8b465ee728b) The tree Metal_Tower couldn't be instanced because the prefab contains no valid mesh renderer.
 -> (artifact id: 'b2ddf8bba025de25539c4c63b4830645') in 0.052850 seconds 
========================================================================
Received Import Request.
  Time since last request: 942.845538 seconds.
  path: Assets/materials/Materials/mountain.jpeg
  artifactKey: Guid(b7b3127b98027ea4aa6eee13096dca60) Importer(815301076,1909f56bfc062723c751e8b465ee728b)
Start importing Assets/materials/Materials/mountain.jpeg using Guid(b7b3127b98027ea4aa6eee13096dca60) Importer(815301076,1909f56bfc062723c751e8b465ee728b)  -> (artifact id: '63799604e1f239ab6e53064d923514fe') in 0.039980 seconds 
========================================================================
Received Import Request.
  Time since last request: 13.408970 seconds.
  path: Assets/materials/Materials/New Material.mat
  artifactKey: Guid(36e7ea7e038a6d640a39ab75effbd1c3) Importer(815301076,1909f56bfc062723c751e8b465ee728b)
Start importing Assets/materials/Materials/New Material.mat using Guid(36e7ea7e038a6d640a39ab75effbd1c3) Importer(815301076,1909f56bfc062723c751e8b465ee728b)  -> (artifact id: '0fbba1e17e42abb88033b3d1ae28b9c3') in 0.124913 seconds 
========================================================================
Received Import Request.
  Time since last request: 144.109752 seconds.
  path: Assets/materials/Materials/New Material.mat
  artifactKey: Guid(36e7ea7e038a6d640a39ab75effbd1c3) Importer(815301076,1909f56bfc062723c751e8b465ee728b)
Start importing Assets/materials/Materials/New Material.mat using Guid(36e7ea7e038a6d640a39ab75effbd1c3) Importer(815301076,1909f56bfc062723c751e8b465ee728b)  -> (artifact id: '867d646c5eb6840092184abed39f814c') in 0.026388 seconds 
========================================================================
Received Import Request.
  Time since last request: 46.349449 seconds.
  path: Assets/Darth_Artisan/Free_Trees/Meshes/Fir_Tree.fbx
  artifactKey: Guid(d7ad634caa1c049d49b730cc6d29c683) Importer(815301076,1909f56bfc062723c751e8b465ee728b)
Start importing Assets/Darth_Artisan/Free_Trees/Meshes/Fir_Tree.fbx using Guid(d7ad634caa1c049d49b730cc6d29c683) Importer(815301076,1909f56bfc062723c751e8b465ee728b)  -> (artifact id: '3c2b83a1058142e32900b6f2b44ec921') in 0.050551 seconds 
========================================================================
Received Import Request.
  Time since last request: 0.245815 seconds.
  path: Assets/Military target/LODs/lod0.fbx
  artifactKey: Guid(dff5b14c21a72844db69f2eb20362be9) Importer(815301076,1909f56bfc062723c751e8b465ee728b)
Start importing Assets/Military target/LODs/lod0.fbx using Guid(dff5b14c21a72844db69f2eb20362be9) Importer(815301076,1909f56bfc062723c751e8b465ee728b)  -> (artifact id: '5d2699f082e1fa919a6d415638238a3e') in 0.051689 seconds 
========================================================================
Received Import Request.
  Time since last request: 0.088432 seconds.
  path: Assets/Military target/LODs/lod2.fbx
  artifactKey: Guid(c74e4ef0622881047b4fe61952459955) Importer(815301076,1909f56bfc062723c751e8b465ee728b)
Start importing Assets/Military target/LODs/lod2.fbx using Guid(c74e4ef0622881047b4fe61952459955) Importer(815301076,1909f56bfc062723c751e8b465ee728b)  -> (artifact id: '2c65f3697a8b95ccbcb5262008d732d0') in 0.062931 seconds 
========================================================================
Received Import Request.
  Time since last request: 0.055805 seconds.
  path: Assets/Military target/LODs/lod3.fbx
  artifactKey: Guid(165f2d49c11cd18479a63e85868bd142) Importer(815301076,1909f56bfc062723c751e8b465ee728b)
Start importing Assets/Military target/LODs/lod3.fbx using Guid(165f2d49c11cd18479a63e85868bd142) Importer(815301076,1909f56bfc062723c751e8b465ee728b)  -> (artifact id: '5e4e8c8930555383fcd788d31a50e87f') in 0.087024 seconds 
========================================================================
Received Import Request.
  Time since last request: 408.501320 seconds.
  path: Assets/Towers_PBR/Skybox/Sky_01Day/1_BK.png
  artifactKey: Guid(3144bfc401613f04490a1c3695dfa2fa) Importer(815301076,1909f56bfc062723c751e8b465ee728b)
Start importing Assets/Towers_PBR/Skybox/Sky_01Day/1_BK.png using Guid(3144bfc401613f04490a1c3695dfa2fa) Importer(815301076,1909f56bfc062723c751e8b465ee728b)  -> (artifact id: '888d55a6c3ffdc066474a799a44e8855') in 0.191554 seconds 
========================================================================
Received Import Request.
  Time since last request: 0.000034 seconds.
  path: Assets/Towers_PBR/Skybox/Sky_01Day/1_LF.png
  artifactKey: Guid(87daa31b2cfd0e347a6733da02aecc41) Importer(815301076,1909f56bfc062723c751e8b465ee728b)
Start importing Assets/Towers_PBR/Skybox/Sky_01Day/1_LF.png using Guid(87daa31b2cfd0e347a6733da02aecc41) Importer(815301076,1909f56bfc062723c751e8b465ee728b)  -> (artifact id: 'bc29b184109aadc6c4c5549995366eff') in 0.078204 seconds 
========================================================================
Received Import Request.
  Time since last request: 0.000077 seconds.
  path: Assets/Towers_PBR/Skybox/Sky_01Day/1_FR.png
  artifactKey: Guid(ac17ba70e83b29f40a91ff830137f8c6) Importer(815301076,1909f56bfc062723c751e8b465ee728b)
Start importing Assets/Towers_PBR/Skybox/Sky_01Day/1_FR.png using Guid(ac17ba70e83b29f40a91ff830137f8c6) Importer(815301076,1909f56bfc062723c751e8b465ee728b)  -> (artifact id: 'd8eddf11258df9708b6560ab78cb9e51') in 0.054985 seconds 
========================================================================
Received Import Request.
  Time since last request: 215.117764 seconds.
  path: Assets/materials/Materials/grass.jpeg
  artifactKey: Guid(a31bb9ba03f4bc642b5c7e201207f2b0) Importer(815301076,1909f56bfc062723c751e8b465ee728b)
Start importing Assets/materials/Materials/grass.jpeg using Guid(a31bb9ba03f4bc642b5c7e201207f2b0) Importer(815301076,1909f56bfc062723c751e8b465ee728b)  -> (artifact id: 'ae0e27f12dd663d9808ba70eb6318ef1') in 0.041379 seconds 
========================================================================
Received Import Request.
  Time since last request: 379.198474 seconds.
  path: Assets/materials/Materials/New Material.mat
  artifactKey: Guid(36e7ea7e038a6d640a39ab75effbd1c3) Importer(815301076,1909f56bfc062723c751e8b465ee728b)
Start importing Assets/materials/Materials/New Material.mat using Guid(36e7ea7e038a6d640a39ab75effbd1c3) Importer(815301076,1909f56bfc062723c751e8b465ee728b)  -> (artifact id: 'aac68a97c0fffa2a0560fd59ac73eecc') in 0.246680 seconds 
========================================================================
Received Prepare
Registering precompiled user dll's ...
Registered in 0.007183 seconds.
Begin MonoManager ReloadAssembly
Symbol file LoadedFromMemory doesn't match image C:\Users\HEMA SUDHA\holoarmament\Holoarmamentass\Library\PackageCache\com.unity.visualscripting@1.7.8\Editor\VisualScripting.Core\Dependencies\YamlDotNet\Unity.VisualScripting.YamlDotNet.dll
Symbol file LoadedFromMemory doesn't match image C:\Users\HEMA SUDHA\holoarmament\Holoarmamentass\Library\PackageCache\com.unity.visualscripting@1.7.8\Editor\VisualScripting.Core\Dependencies\DotNetZip\Unity.VisualScripting.IonicZip.dll
Native extension for WindowsStandalone target not found
Native extension for Android target not found
Native extension for WebGL target not found
Refreshing native plugins compatible for Editor in 0.80 ms, found 3 plugins.
Preloading 0 native plugins for Editor in 0.00 ms.
Mono: successfully reloaded assembly
- Completed reload, in  2.067 seconds
Domain Reload Profiling:
	ReloadAssembly (2070ms)
		BeginReloadAssembly (997ms)
			ExecutionOrderSort (1ms)
			DisableScriptedObjects (49ms)
			BackupInstance (0ms)
			ReleaseScriptingObjects (0ms)
			CreateAndSetChildDomain (477ms)
		EndReloadAssembly (956ms)
			LoadAssemblies (188ms)
			RebuildTransferFunctionScriptingTraits (1ms)
			SetupTypeCache (353ms)
			ReleaseScriptCaches (1ms)
			RebuildScriptCaches (47ms)
			SetupLoadedEditorAssemblies (399ms)
				LogAssemblyErrors (0ms)
				InitializePlatformSupportModulesInManaged (34ms)
				SetLoadedEditorAssemblies (2ms)
				RefreshPlugins (1ms)
				BeforeProcessingInitializeOnLoad (76ms)
				ProcessInitializeOnLoadAttributes (237ms)
				ProcessInitializeOnLoadMethodAttributes (39ms)
				AfterProcessingInitializeOnLoad (9ms)
				EditorAssembliesLoaded (0ms)
			ExecutionOrderSort2 (0ms)
			AwakeInstancesAfterBackupRestoration (7ms)
Platform modules already initialized, skipping
Refreshing native plugins compatible for Editor in 3.75 ms, found 3 plugins.
Preloading 0 native plugins for Editor in 0.00 ms.
Unloading 3379 Unused Serialized files (Serialized files now loaded: 0)
Unloading 20 unused Assets / (80.2 KB). Loaded Objects now: 3915.
Memory consumption went from 136.4 MB to 136.3 MB.
Total: 9.535100 ms (FindLiveObjects: 0.326500 ms CreateObjectMapping: 0.107100 ms MarkObjects: 8.978300 ms  DeleteObjects: 0.121600 ms)

AssetImportParameters requested are different than current active one (requested -> active):
  custom:video-decoder-ogg-theora: a1e56fd34408186e4bbccfd4996cb3dc -> 
  custom:container-muxer-webm: aa71ff27fc2769a1b78a27578f13a17b -> 
  custom:container-demuxer-webm: 4f35f7cbe854078d1ac9338744f61a02 -> 
  custom:video-encoder-webm-vp8: eb34c28f22e8b96e1ab97ce403110664 -> 
  custom:video-codec-MediaFoundation-h265: 746d11721c4dcdbdad8f713fa42b33f4 -> 
  custom:audio-encoder-webm-vorbis: bf7c407c2cedff20999df2af8eb42d56 -> 
  custom:framework-win-MediaFoundation: 216162199b28c13a410421893ffa2e32 -> 
  custom:container-demuxer-ogg: 62fdf1f143b41e24485cea50d1cbac27 -> 
  custom:video-decoder-webm-vp8: 9c59270c3fd7afecdb556c50c9e8de78 -> 
  custom:audio-decoder-ogg-vorbis: bf7c407c2cedff20999df2af8eb42d56 -> 
========================================================================
Received Import Request.
  Time since last request: 66.726450 seconds.
  path: Assets/Mini Army Tent Model/PREFABS
  artifactKey: Guid(a12d4add531f79f4d9ba5a0f7069adf2) Importer(815301076,1909f56bfc062723c751e8b465ee728b)
Start importing Assets/Mini Army Tent Model/PREFABS using Guid(a12d4add531f79f4d9ba5a0f7069adf2) Importer(815301076,1909f56bfc062723c751e8b465ee728b)  -> (artifact id: '171ff20e5ea3b06c52f477a51bf09aba') in 0.017239 seconds 
========================================================================
Received Import Request.
  Time since last request: 0.027904 seconds.
  path: Assets/Mini Army Tent Model/PREFABS/Mini Army Tent Prefabs.prefab
  artifactKey: Guid(ea6c28efff742a74e98bf66fbb480878) Importer(815301076,1909f56bfc062723c751e8b465ee728b)
Start importing Assets/Mini Army Tent Model/PREFABS/Mini Army Tent Prefabs.prefab using Guid(ea6c28efff742a74e98bf66fbb480878) Importer(815301076,1909f56bfc062723c751e8b465ee728b)  -> (artifact id: '269a5a504a35122f62d62f731b097f63') in 0.514238 seconds 
========================================================================
Received Import Request.
  Time since last request: 1011.306329 seconds.
  path: Assets/kawetofe_Assets/medievalTentSmall
  artifactKey: Guid(fa84b27cfeba72e4d8c33a548b53c5e0) Importer(815301076,1909f56bfc062723c751e8b465ee728b)
Start importing Assets/kawetofe_Assets/medievalTentSmall using Guid(fa84b27cfeba72e4d8c33a548b53c5e0) Importer(815301076,1909f56bfc062723c751e8b465ee728b)  -> (artifact id: '237c0a61b4491e2971e3f0240d704dfa') in 0.021746 seconds 
========================================================================
Received Import Request.
  Time since last request: 0.014840 seconds.
  path: Assets/kawetofe_Assets/medievalTentSmall/MedievalTentSmall.prefab
  artifactKey: Guid(814bf0035a7247b4db84ad4932f32607) Importer(815301076,1909f56bfc062723c751e8b465ee728b)
Start importing Assets/kawetofe_Assets/medievalTentSmall/MedievalTentSmall.prefab using Guid(814bf0035a7247b4db84ad4932f32607) Importer(815301076,1909f56bfc062723c751e8b465ee728b)  -> (artifact id: '39713a5dbfb2783df1307f098932c407') in 0.220181 seconds 
========================================================================
Received Import Request.
  Time since last request: 59.709332 seconds.
  path: Assets/RSG/URP/Prefabs
  artifactKey: Guid(f1b53b7ed596d2b4a924666fe83388f7) Importer(815301076,1909f56bfc062723c751e8b465ee728b)
Start importing Assets/RSG/URP/Prefabs using Guid(f1b53b7ed596d2b4a924666fe83388f7) Importer(815301076,1909f56bfc062723c751e8b465ee728b)  -> (artifact id: '17239199e9717bebe6b53193e4942556') in 0.018671 seconds 
========================================================================
Received Import Request.
  Time since last request: 429.822054 seconds.
  path: Assets/Towers_PBR/Skybox/Sky_01Day/1_RT.png
  artifactKey: Guid(3639cf6bcef1f8b4eb5e9e4421050ada) Importer(815301076,1909f56bfc062723c751e8b465ee728b)
Start importing Assets/Towers_PBR/Skybox/Sky_01Day/1_RT.png using Guid(3639cf6bcef1f8b4eb5e9e4421050ada) Importer(815301076,1909f56bfc062723c751e8b465ee728b)  -> (artifact id: '3626694e7c7adf4cc686e825d86e6bd6') in 0.104754 seconds 
========================================================================
Received Import Request.
  Time since last request: 0.574666 seconds.
  path: Assets/Towers_PBR/Skybox/Sky_01Day/1_UP.png
  artifactKey: Guid(2e75f41cf1f547f4ebf123292263312d) Importer(815301076,1909f56bfc062723c751e8b465ee728b)
Start importing Assets/Towers_PBR/Skybox/Sky_01Day/1_UP.png using Guid(2e75f41cf1f547f4ebf123292263312d) Importer(815301076,1909f56bfc062723c751e8b465ee728b)  -> (artifact id: 'a3c0e9088a4c38b6916388b17fa1cad2') in 0.138024 seconds 
========================================================================
Received Import Request.
  Time since last request: 0.000060 seconds.
  path: Packages/com.unity.collab-proxy/Editor/Collaborate/Assets/Icons/added-file-dark@2x.png
  artifactKey: Guid(c223e0c507e2c6549a2cb97441b62cbe) Importer(815301076,1909f56bfc062723c751e8b465ee728b)
Start importing Packages/com.unity.collab-proxy/Editor/Collaborate/Assets/Icons/added-file-dark@2x.png using Guid(c223e0c507e2c6549a2cb97441b62cbe) Importer(815301076,1909f56bfc062723c751e8b465ee728b)  -> (artifact id: 'fb78052f57df198b857cf85dd5e1a9ba') in 0.050668 seconds 
========================================================================
Received Import Request.
  Time since last request: 0.366625 seconds.
  path: Packages/com.unity.collab-proxy/Editor/Collaborate/Assets/Icons/added-file-light.png
  artifactKey: Guid(397fff6c3885f8343bb65714f0064b5d) Importer(815301076,1909f56bfc062723c751e8b465ee728b)
Start importing Packages/com.unity.collab-proxy/Editor/Collaborate/Assets/Icons/added-file-light.png using Guid(397fff6c3885f8343bb65714f0064b5d) Importer(815301076,1909f56bfc062723c751e8b465ee728b)  -> (artifact id: 'ad3c0b53d57d33e7bcf3c846cc297252') in 0.048484 seconds 
========================================================================
Received Import Request.
  Time since last request: 0.294538 seconds.
  path: Assets/Low Poly Guns/Models/Guns/assault1/assault1_diffuse.png
  artifactKey: Guid(89fc40a82916a0c449b689ff792cbaba) Importer(815301076,1909f56bfc062723c751e8b465ee728b)
Start importing Assets/Low Poly Guns/Models/Guns/assault1/assault1_diffuse.png using Guid(89fc40a82916a0c449b689ff792cbaba) Importer(815301076,1909f56bfc062723c751e8b465ee728b)  -> (artifact id: '9ed7242a2768387ecbb69b8dbf62c793') in 0.062031 seconds 
========================================================================
Received Import Request.
  Time since last request: 0.053904 seconds.
  path: Assets/Low Poly Guns/Models/Guns/assault2/assault2_diffuse.png
  artifactKey: Guid(f699987dc2b8fa147bed02b5fb7dd2c2) Importer(815301076,1909f56bfc062723c751e8b465ee728b)
Start importing Assets/Low Poly Guns/Models/Guns/assault2/assault2_diffuse.png using Guid(f699987dc2b8fa147bed02b5fb7dd2c2) Importer(815301076,1909f56bfc062723c751e8b465ee728b)  -> (artifact id: '3b6b5006276f322ef688f38a39327f95') in 0.044439 seconds 
========================================================================
Received Import Request.
  Time since last request: 0.559797 seconds.
  path: Assets/Low Poly Guns/Models/Guns/assault2/assault2_normal.png
  artifactKey: Guid(f682931156928fc4e960b020752b0c9a) Importer(815301076,1909f56bfc062723c751e8b465ee728b)
Start importing Assets/Low Poly Guns/Models/Guns/assault2/assault2_normal.png using Guid(f682931156928fc4e960b020752b0c9a) Importer(815301076,1909f56bfc062723c751e8b465ee728b)  -> (artifact id: '75e0f3cacafd427931c14c83e7ed9573') in 0.074592 seconds 
========================================================================
Received Import Request.
  Time since last request: 0.000102 seconds.
  path: Assets/Low Poly Guns/Models/Guns/assault3/assault3_normal.png
  artifactKey: Guid(246651ca5a975ad4998634d0c534516b) Importer(815301076,1909f56bfc062723c751e8b465ee728b)
Start importing Assets/Low Poly Guns/Models/Guns/assault3/assault3_normal.png using Guid(246651ca5a975ad4998634d0c534516b) Importer(815301076,1909f56bfc062723c751e8b465ee728b)  -> (artifact id: 'fe25b78cdcb0ad2c64c33f631c3e4d41') in 0.058216 seconds 
========================================================================
Received Import Request.
  Time since last request: 0.478288 seconds.
  path: Assets/Low Poly Guns/Models/Guns/assault4/assault4_diffuse.png
  artifactKey: Guid(482cc8b3849e01e479e258dc2b8405b6) Importer(815301076,1909f56bfc062723c751e8b465ee728b)
Start importing Assets/Low Poly Guns/Models/Guns/assault4/assault4_diffuse.png using Guid(482cc8b3849e01e479e258dc2b8405b6) Importer(815301076,1909f56bfc062723c751e8b465ee728b)  -> (artifact id: 'b69a691899d38c944849cf33a5551d6b') in 0.043249 seconds 
========================================================================
Received Import Request.
  Time since last request: 0.237243 seconds.
  path: Assets/Low Poly Guns/Models/Guns/assault4/assault4_normal.png
  artifactKey: Guid(d5baff63e2303fd46998bc9b9fc03166) Importer(815301076,1909f56bfc062723c751e8b465ee728b)
Start importing Assets/Low Poly Guns/Models/Guns/assault4/assault4_normal.png using Guid(d5baff63e2303fd46998bc9b9fc03166) Importer(815301076,1909f56bfc062723c751e8b465ee728b)  -> (artifact id: '877437595e5c9f94933c5f0e6b6a4a9b') in 0.055040 seconds 
========================================================================
Received Import Request.
  Time since last request: 0.257916 seconds.
  path: Packages/com.unity.collab-proxy/Editor/Collaborate/Assets/Icons/back-dark@2x.png
  artifactKey: Guid(9c6313a5316f8a34b852bf94ff96e3ab) Importer(815301076,1909f56bfc062723c751e8b465ee728b)
Start importing Packages/com.unity.collab-proxy/Editor/Collaborate/Assets/Icons/back-dark@2x.png using Guid(9c6313a5316f8a34b852bf94ff96e3ab) Importer(815301076,1909f56bfc062723c751e8b465ee728b)  -> (artifact id: '75bc88bbdecf1f77ec14d26ad523698c') in 0.050169 seconds 
========================================================================
Received Import Request.
  Time since last request: 0.043356 seconds.
  path: Packages/com.unity.collab-proxy/Editor/Collaborate/Assets/Icons/back-light@2x.png
  artifactKey: Guid(f5c57327df0fa294c8209aa216435167) Importer(815301076,1909f56bfc062723c751e8b465ee728b)
Start importing Packages/com.unity.collab-proxy/Editor/Collaborate/Assets/Icons/back-light@2x.png using Guid(f5c57327df0fa294c8209aa216435167) Importer(815301076,1909f56bfc062723c751e8b465ee728b)  -> (artifact id: 'd2f75ddf09df99fe187db24f59536fc6') in 0.042520 seconds 
========================================================================
Received Import Request.
  Time since last request: 0.155964 seconds.
  path: Assets/Fantasy Skybox FREE/Scenes/Brush_Flower.png
  artifactKey: Guid(0d383f0cd0395064eb4b64619b2840f3) Importer(815301076,1909f56bfc062723c751e8b465ee728b)
Start importing Assets/Fantasy Skybox FREE/Scenes/Brush_Flower.png using Guid(0d383f0cd0395064eb4b64619b2840f3) Importer(815301076,1909f56bfc062723c751e8b465ee728b)  -> (artifact id: 'ba89057d3b2c43218e7b68df8fe95a79') in 0.082673 seconds 
========================================================================
Received Import Request.
  Time since last request: 0.038110 seconds.
  path: Assets/Fantasy Skybox FREE/Scenes/Brush_Grass_02.png
  artifactKey: Guid(5d4b367f0702b4b46a16ba3b67281419) Importer(815301076,1909f56bfc062723c751e8b465ee728b)
Start importing Assets/Fantasy Skybox FREE/Scenes/Brush_Grass_02.png using Guid(5d4b367f0702b4b46a16ba3b67281419) Importer(815301076,1909f56bfc062723c751e8b465ee728b)  -> (artifact id: 'ad85a222011b55d52cc4cd4ecdb42494') in 0.073305 seconds 
========================================================================
Received Import Request.
  Time since last request: 0.057671 seconds.
  path: Packages/com.unity.textmeshpro/Editor Resources/Textures/btn_AlignBaseLine.psd
  artifactKey: Guid(8bc445bb79654bf496c92d0407840a92) Importer(815301076,1909f56bfc062723c751e8b465ee728b)
Start importing Packages/com.unity.textmeshpro/Editor Resources/Textures/btn_AlignBaseLine.psd using Guid(8bc445bb79654bf496c92d0407840a92) Importer(815301076,1909f56bfc062723c751e8b465ee728b)  -> (artifact id: 'aa8201d79be9fc423d6f7f3d6d815a96') in 0.074913 seconds 
========================================================================
Received Import Request.
  Time since last request: 0.088187 seconds.
  path: Packages/com.unity.textmeshpro/Editor Resources/Textures/btn_AlignBottom.psd
  artifactKey: Guid(ca51b19024094d1b87f3e07edb0a75fb) Importer(815301076,1909f56bfc062723c751e8b465ee728b)
Start importing Packages/com.unity.textmeshpro/Editor Resources/Textures/btn_AlignBottom.psd using Guid(ca51b19024094d1b87f3e07edb0a75fb) Importer(815301076,1909f56bfc062723c751e8b465ee728b)  -> (artifact id: '688a0ac957d3505814a3661651efcf76') in 0.044012 seconds 
========================================================================
Received Import Request.
  Time since last request: 0.072729 seconds.
  path: Packages/com.unity.textmeshpro/Editor Resources/Textures/btn_AlignBottom_Light.psd
  artifactKey: Guid(585b70cb75dd43efbfead809c30a1731) Importer(815301076,1909f56bfc062723c751e8b465ee728b)
Start importing Packages/com.unity.textmeshpro/Editor Resources/Textures/btn_AlignBottom_Light.psd using Guid(585b70cb75dd43efbfead809c30a1731) Importer(815301076,1909f56bfc062723c751e8b465ee728b)  -> (artifact id: '4236eaaea3dbcc2795706b84fd959930') in 0.039551 seconds 
========================================================================
Received Import Request.
  Time since last request: 0.099621 seconds.
  path: Packages/com.unity.textmeshpro/Editor Resources/Textures/btn_AlignCapLine.psd
  artifactKey: Guid(0d9a36012a224080966c7b55896aa0f9) Importer(815301076,1909f56bfc062723c751e8b465ee728b)
Start importing Packages/com.unity.textmeshpro/Editor Resources/Textures/btn_AlignCapLine.psd using Guid(0d9a36012a224080966c7b55896aa0f9) Importer(815301076,1909f56bfc062723c751e8b465ee728b)  -> (artifact id: 'b03fa845761212c2e46fac3b4343677a') in 0.038990 seconds 
========================================================================
Received Import Request.
  Time since last request: 4.709476 seconds.
  path: Packages/com.unity.textmeshpro/Editor Resources/Textures/btn_AlignCapLine_Light.psd
  artifactKey: Guid(49679f302ac6408697f6b9314a38985c) Importer(815301076,1909f56bfc062723c751e8b465ee728b)
Start importing Packages/com.unity.textmeshpro/Editor Resources/Textures/btn_AlignCapLine_Light.psd using Guid(49679f302ac6408697f6b9314a38985c) Importer(815301076,1909f56bfc062723c751e8b465ee728b)  -> (artifact id: 'cfe7d1f075d98d33dc2c1ed45056eb5a') in 0.050173 seconds 
========================================================================
Received Import Request.
  Time since last request: 83.436844 seconds.
  path: Packages/com.unity.textmeshpro/Editor Resources/Textures/btn_AlignCenter_Light.psd
  artifactKey: Guid(6ace62d30f494c948b71d5594afce11d) Importer(815301076,1909f56bfc062723c751e8b465ee728b)
Start importing Packages/com.unity.textmeshpro/Editor Resources/Textures/btn_AlignCenter_Light.psd using Guid(6ace62d30f494c948b71d5594afce11d) Importer(815301076,1909f56bfc062723c751e8b465ee728b)  -> (artifact id: 'b015c9d5bdadc3317989916f713e5cc3') in 0.048241 seconds 
========================================================================
Received Import Request.
  Time since last request: 0.076907 seconds.
  path: Packages/com.unity.textmeshpro/Editor Resources/Textures/btn_AlignCenterGeo_Light.psd
  artifactKey: Guid(35ff0937876540d3bd4b6a941df62a92) Importer(815301076,1909f56bfc062723c751e8b465ee728b)
Start importing Packages/com.unity.textmeshpro/Editor Resources/Textures/btn_AlignCenterGeo_Light.psd using Guid(35ff0937876540d3bd4b6a941df62a92) Importer(815301076,1909f56bfc062723c751e8b465ee728b)  -> (artifact id: '6c314c1eab5db39322d40cbb3d09b00c') in 0.031854 seconds 
========================================================================
Received Import Request.
  Time since last request: 0.087264 seconds.
  path: Packages/com.unity.textmeshpro/Editor Resources/Textures/btn_AlignFlush.psd
  artifactKey: Guid(691475c57a824010be0c6f474caeb7e1) Importer(815301076,1909f56bfc062723c751e8b465ee728b)
Start importing Packages/com.unity.textmeshpro/Editor Resources/Textures/btn_AlignFlush.psd using Guid(691475c57a824010be0c6f474caeb7e1) Importer(815301076,1909f56bfc062723c751e8b465ee728b)  -> (artifact id: '75fe30df852767926f8b3227b2e5b618') in 0.043684 seconds 
========================================================================
Received Import Request.
  Time since last request: 0.089365 seconds.
  path: Packages/com.unity.textmeshpro/Editor Resources/Textures/btn_AlignJustified.psd
  artifactKey: Guid(92027f7f8cfc4feaa477da0dc38d3d46) Importer(815301076,1909f56bfc062723c751e8b465ee728b)
Start importing Packages/com.unity.textmeshpro/Editor Resources/Textures/btn_AlignJustified.psd using Guid(92027f7f8cfc4feaa477da0dc38d3d46) Importer(815301076,1909f56bfc062723c751e8b465ee728b)  -> (artifact id: '88eab5b378584069bfa2518cd079c6d9') in 0.037393 seconds 
========================================================================
Received Import Request.
  Time since last request: 0.080761 seconds.
  path: Packages/com.unity.textmeshpro/Editor Resources/Textures/btn_AlignJustified_Light.psd
  artifactKey: Guid(fa6bd40a216346b783a4cce741d277a5) Importer(815301076,1909f56bfc062723c751e8b465ee728b)
Start importing Packages/com.unity.textmeshpro/Editor Resources/Textures/btn_AlignJustified_Light.psd using Guid(fa6bd40a216346b783a4cce741d277a5) Importer(815301076,1909f56bfc062723c751e8b465ee728b)  -> (artifact id: '792430ad32230141f377b9b5d51160e7') in 0.047643 seconds 
========================================================================
Received Import Request.
  Time since last request: 0.215284 seconds.
  path: Packages/com.unity.textmeshpro/Editor Resources/Textures/btn_AlignLeft_Light.psd
  artifactKey: Guid(12736c98af174f91827a26b66d2b01b9) Importer(815301076,1909f56bfc062723c751e8b465ee728b)
Start importing Packages/com.unity.textmeshpro/Editor Resources/Textures/btn_AlignLeft_Light.psd using Guid(12736c98af174f91827a26b66d2b01b9) Importer(815301076,1909f56bfc062723c751e8b465ee728b)  -> (artifact id: '381d7f72ec107bd8d5e9ba710f9d18cb') in 0.048783 seconds 
========================================================================
Received Import Request.
  Time since last request: 0.000056 seconds.
  path: Packages/com.unity.textmeshpro/Editor Resources/Textures/btn_AlignMiddle_Light.psd
  artifactKey: Guid(066619c9c9c84f89acb1b48c11a7efe2) Importer(815301076,1909f56bfc062723c751e8b465ee728b)
Start importing Packages/com.unity.textmeshpro/Editor Resources/Textures/btn_AlignMiddle_Light.psd using Guid(066619c9c9c84f89acb1b48c11a7efe2) Importer(815301076,1909f56bfc062723c751e8b465ee728b)  -> (artifact id: '2e6194476e9efb50269cfad29a426b5e') in 0.043271 seconds 
========================================================================
Received Import Request.
  Time since last request: 35.561476 seconds.
  path: Assets/Darth_Artisan/Free_Trees
  artifactKey: Guid(b7aee0f11d1aa466daa952466d59cae8) Importer(815301076,1909f56bfc062723c751e8b465ee728b)
Start importing Assets/Darth_Artisan/Free_Trees using Guid(b7aee0f11d1aa466daa952466d59cae8) Importer(815301076,1909f56bfc062723c751e8b465ee728b)  -> (artifact id: '276abc18ee99cae21a465ca6bc1da1bc') in 0.016653 seconds 
========================================================================
Received Import Request.
  Time since last request: 1.838863 seconds.
  path: Assets/Darth_Artisan/Free_Trees/Prefabs
  artifactKey: Guid(2365d38fec1724d4199604c670e1f4a6) Importer(815301076,1909f56bfc062723c751e8b465ee728b)
Start importing Assets/Darth_Artisan/Free_Trees/Prefabs using Guid(2365d38fec1724d4199604c670e1f4a6) Importer(815301076,1909f56bfc062723c751e8b465ee728b)  -> (artifact id: 'a94dcce6859f0b664fe9328a2314e0f5') in 0.006718 seconds 
========================================================================
Received Import Request.
  Time since last request: 0.084427 seconds.
  path: Assets/Darth_Artisan/Free_Trees/Prefabs/Fir_Tree.prefab
  artifactKey: Guid(19682540d8a014522a319b1cf788aee2) Importer(815301076,1909f56bfc062723c751e8b465ee728b)
Start importing Assets/Darth_Artisan/Free_Trees/Prefabs/Fir_Tree.prefab using Guid(19682540d8a014522a319b1cf788aee2) Importer(815301076,1909f56bfc062723c751e8b465ee728b)  -> (artifact id: '757fcda4ebe82cda96370a65fee01693') in 0.034772 seconds 
========================================================================
Received Import Request.
  Time since last request: 0.000046 seconds.
  path: Assets/Darth_Artisan/Free_Trees/Prefabs/Poplar_Tree.prefab
  artifactKey: Guid(826b6a0b570e8460990010fa615b5a2a) Importer(815301076,1909f56bfc062723c751e8b465ee728b)
Start importing Assets/Darth_Artisan/Free_Trees/Prefabs/Poplar_Tree.prefab using Guid(826b6a0b570e8460990010fa615b5a2a) Importer(815301076,1909f56bfc062723c751e8b465ee728b)  -> (artifact id: '5011f9aa0e6b2bc99646440643a0fb39') in 0.048178 seconds 
========================================================================
Received Import Request.
  Time since last request: 0.000041 seconds.
  path: Assets/Darth_Artisan/Free_Trees/Prefabs/Palm_Tree.prefab
  artifactKey: Guid(c6b7fb383a3534b039692b5485b6e739) Importer(815301076,1909f56bfc062723c751e8b465ee728b)
Start importing Assets/Darth_Artisan/Free_Trees/Prefabs/Palm_Tree.prefab using Guid(c6b7fb383a3534b039692b5485b6e739) Importer(815301076,1909f56bfc062723c751e8b465ee728b)  -> (artifact id: '3a36f0d41f29e71b91858b311d6a7668') in 0.045925 seconds 
========================================================================
Received Import Request.
  Time since last request: 9.910184 seconds.
  path: Assets/LowlyPoly/Stylized Grass Texture
  artifactKey: Guid(2f14d375d07e40941aa4c857f21eb94c) Importer(815301076,1909f56bfc062723c751e8b465ee728b)
Start importing Assets/LowlyPoly/Stylized Grass Texture using Guid(2f14d375d07e40941aa4c857f21eb94c) Importer(815301076,1909f56bfc062723c751e8b465ee728b)  -> (artifact id: 'a4acc3fa61e4ced0cc74d76c8ab4b705') in 0.025114 seconds 
========================================================================
Received Import Request.
  Time since last request: 2.465631 seconds.
  path: Assets/LowlyPoly/Stylized Grass Texture/Materials
  artifactKey: Guid(855350d72edd5b546aba24877b32789a) Importer(815301076,1909f56bfc062723c751e8b465ee728b)
Start importing Assets/LowlyPoly/Stylized Grass Texture/Materials using Guid(855350d72edd5b546aba24877b32789a) Importer(815301076,1909f56bfc062723c751e8b465ee728b)  -> (artifact id: '016e19b09b3027c75407df528b03f1a3') in 0.019270 seconds 
========================================================================
Received Import Request.
  Time since last request: 0.043570 seconds.
  path: Assets/LowlyPoly/Stylized Grass Texture/Materials/Stylize_Grass.mat
  artifactKey: Guid(5d8af8f434f69794eabd684fb44b4fbf) Importer(815301076,1909f56bfc062723c751e8b465ee728b)
Start importing Assets/LowlyPoly/Stylized Grass Texture/Materials/Stylize_Grass.mat using Guid(5d8af8f434f69794eabd684fb44b4fbf) Importer(815301076,1909f56bfc062723c751e8b465ee728b)  -> (artifact id: '26f033a66b3fdec3bc2469a110088865') in 0.382144 seconds 
========================================================================
Received Import Request.
  Time since last request: 15.104476 seconds.
  path: Packages/com.unity.collab-proxy/Editor/PlasticSCM/Assets/Images/d_expertbuhoshechristmas.png
  artifactKey: Guid(372e7b39fc8f34549ac25d8757965a2c) Importer(815301076,1909f56bfc062723c751e8b465ee728b)
Start importing Packages/com.unity.collab-proxy/Editor/PlasticSCM/Assets/Images/d_expertbuhoshechristmas.png using Guid(372e7b39fc8f34549ac25d8757965a2c) Importer(815301076,1909f56bfc062723c751e8b465ee728b)  -> (artifact id: '09c16c95038568a220d6766cee434621') in 0.114234 seconds 
========================================================================
Received Import Request.
  Time since last request: 0.000050 seconds.
  path: Packages/com.unity.collab-proxy/Editor/PlasticSCM/Assets/Images/d_genericbuhochristmas3.png
  artifactKey: Guid(6fac4e39926fd9c4ca2ba4416160a857) Importer(815301076,1909f56bfc062723c751e8b465ee728b)
Start importing Packages/com.unity.collab-proxy/Editor/PlasticSCM/Assets/Images/d_genericbuhochristmas3.png using Guid(6fac4e39926fd9c4ca2ba4416160a857) Importer(815301076,1909f56bfc062723c751e8b465ee728b)  -> (artifact id: '3ccc8686c2be3b24336675d3b0ceccb6') in 0.073839 seconds 
Editor requested this worker to shutdown with reason: Scaling down because of idle timeout
AssetImportWorker is now disconnected from the server
Process exiting
Exiting without the bug reporter. Application will terminate with return code 0